app/build/outputs/logs/manifest-merger-debug-report.txt
-- Merging decision tree log ---
manifest
ADDED from src\main\AndroidManifest.xml:2:1-96:12
	package
		ADDED from src\main\AndroidManifest.xml:3:5-43
		INJECTED from src\main\AndroidManifest.xml
		INJECTED from src\main\AndroidManifest.xml
	android:versionName
		ADDED from src\main\AndroidManifest.xml:5:5-30
		INJECTED from src\main\AndroidManifest.xml
		INJECTED from src\main\AndroidManifest.xml
	android:versionCode
		ADDED from src\main\AndroidManifest.xml:4:5-28
		INJECTED from src\main\AndroidManifest.xml
		INJECTED from src\main\AndroidManifest.xml
	xmlns:android
		ADDED from src\main\AndroidManifest.xml:2:11-69
uses-sdk
ADDED from src\main\AndroidManifest.xml:7:5-9:41
	android:targetSdkVersion
		ADDED from src\main\AndroidManifest.xml:9:9-38
		INJECTED from src\main\AndroidManifest.xml
		INJECTED from src\main\AndroidManifest.xml
	android:minSdkVersion
		ADDED from src\main\AndroidManifest.xml:8:9-35
		INJECTED from src\main\AndroidManifest.xml
		INJECTED from src\main\AndroidManifest.xml
uses-permission#com.honeywell.decode.permission.DECODE
ADDED from src\main\AndroidManifest.xml:11:5-78
	android:name
		ADDED from src\main\AndroidManifest.xml:11:22-75
android:uses-permission#android.permission.WRITE_EXTERNAL_STORAGE
ADDED from src\main\AndroidManifest.xml:13:5-89
	android:name
		ADDED from src\main\AndroidManifest.xml:13:30-86
android:uses-permission#android.permission.READ_PHONE_STATE
ADDED from src\main\AndroidManifest.xml:14:5-83
	android:name
		ADDED from src\main\AndroidManifest.xml:14:30-80
android:uses-permission#android.permission.READ_EXTERNAL_STORAGE
ADDED from src\main\AndroidManifest.xml:15:5-88
	android:name
		ADDED from src\main\AndroidManifest.xml:15:30-85
application
ADDED from src\main\AndroidManifest.xml:17:5-94:19
	android:label
		ADDED from src\main\AndroidManifest.xml:20:9-41
	android:allowBackup
		ADDED from src\main\AndroidManifest.xml:18:9-35
	android:icon
		ADDED from src\main\AndroidManifest.xml:19:9-54
	android:theme
		ADDED from src\main\AndroidManifest.xml:21:9-40
activity#com.honeywell.barcodeexample.MainActivity
ADDED from src\main\AndroidManifest.xml:22:9-31:20
	android:screenOrientation
		ADDED from src\main\AndroidManifest.xml:25:13-49
	android:label
		ADDED from src\main\AndroidManifest.xml:24:13-45
	android:name
		ADDED from src\main\AndroidManifest.xml:23:13-41
intent-filter#android.intent.action.MAIN+android.intent.category.LAUNCHER
ADDED from src\main\AndroidManifest.xml:26:13-30:29
action#android.intent.action.MAIN
ADDED from src\main\AndroidManifest.xml:27:17-69
	android:name
		ADDED from src\main\AndroidManifest.xml:27:25-66
category#android.intent.category.LAUNCHER
ADDED from src\main\AndroidManifest.xml:29:17-77
	android:name
		ADDED from src\main\AndroidManifest.xml:29:27-74
activity#com.honeywell.barcodeexample.AutomaticBarcodeActivity
ADDED from src\main\AndroidManifest.xml:32:9-41:20
	android:screenOrientation
		ADDED from src\main\AndroidManifest.xml:35:13-49
	android:label
		ADDED from src\main\AndroidManifest.xml:34:13-44
	android:name
		ADDED from src\main\AndroidManifest.xml:33:13-53
intent-filter#android.intent.action.AUTOMATICBARCODEACTIVITY+android.intent.category.DEFAULT
ADDED from src\main\AndroidManifest.xml:36:13-40:29
action#android.intent.action.AUTOMATICBARCODEACTIVITY
ADDED from src\main\AndroidManifest.xml:37:17-89
	android:name
		ADDED from src\main\AndroidManifest.xml:37:25-86
category#android.intent.category.DEFAULT
ADDED from src\main\AndroidManifest.xml:39:17-76
	android:name
		ADDED from src\main\AndroidManifest.xml:39:27-73
activity#com.honeywell.barcodeexample.ClientBarcodeActivity
ADDED from src\main\AndroidManifest.xml:42:9-51:20
	android:screenOrientation
		ADDED from src\main\AndroidManifest.xml:45:13-49
	android:label
		ADDED from src\main\AndroidManifest.xml:44:13-44
	android:name
		ADDED from src\main\AndroidManifest.xml:43:13-50
intent-filter#android.intent.action.CLIENTBARCODEACTIVITY+android.intent.category.DEFAULT
ADDED from src\main\AndroidManifest.xml:46:13-50:29
action#android.intent.action.CLIENTBARCODEACTIVITY
ADDED from src\main\AndroidManifest.xml:47:17-86
	android:name
		ADDED from src\main\AndroidManifest.xml:47:25-83
activity#com.honeywell.barcodeexample.ClientBarcodeActivity2
ADDED from src\main\AndroidManifest.xml:52:9-61:20
	android:screenOrientation
		ADDED from src\main\AndroidManifest.xml:55:13-49
	android:label
		ADDED from src\main\AndroidManifest.xml:54:13-44
	android:name
		ADDED from src\main\AndroidManifest.xml:53:13-51
intent-filter#android.intent.action.CLIENTBARCODEACTIVITY2+android.intent.category.DEFAULT
ADDED from src\main\AndroidManifest.xml:56:13-60:29
action#android.intent.action.CLIENTBARCODEACTIVITY2
ADDED from src\main\AndroidManifest.xml:57:17-87
	android:name
		ADDED from src\main\AndroidManifest.xml:57:25-84
activity#com.honeywell.barcodeexample.ClientBarcodeActivity21
ADDED from src\main\AndroidManifest.xml:62:9-71:20
	android:screenOrientation
		ADDED from src\main\AndroidManifest.xml:65:13-49
	android:label
		ADDED from src\main\AndroidManifest.xml:64:13-44
	android:name
		ADDED from src\main\AndroidManifest.xml:63:13-52
intent-filter#android.intent.action.CLIENTBARCODEACTIVITY21+android.intent.category.DEFAULT
ADDED from src\main\AndroidManifest.xml:66:13-70:29
action#android.intent.action.CLIENTBARCODEACTIVITY21
ADDED from src\main\AndroidManifest.xml:67:17-88
	android:name
		ADDED from src\main\AndroidManifest.xml:67:25-85
activity#com.honeywell.barcodeexample.ScannerSelectionBarcodeActivity
ADDED from src\main\AndroidManifest.xml:72:9-81:20
	android:screenOrientation
		ADDED from src\main\AndroidManifest.xml:75:13-49
	android:label
		ADDED from src\main\AndroidManifest.xml:74:13-44
	android:name
		ADDED from src\main\AndroidManifest.xml:73:13-60
intent-filter#android.intent.action.SCANNERSELECTBARCODEACTIVITY+android.intent.category.DEFAULT
ADDED from src\main\AndroidManifest.xml:76:13-80:29
action#android.intent.action.SCANNERSELECTBARCODEACTIVITY
ADDED from src\main\AndroidManifest.xml:77:17-93
	android:name
		ADDED from src\main\AndroidManifest.xml:77:25-90
activity#com.honeywell.barcodeexample.ActivityWithFragment
ADDED from src\main\AndroidManifest.xml:82:9-93:20
	android:label
		ADDED from src\main\AndroidManifest.xml:84:13-65
	android:parentActivityName
		ADDED from src\main\AndroidManifest.xml:85:13-55
	android:name
		ADDED from src\main\AndroidManifest.xml:83:13-49
intent-filter#android.intent.action.FRAGMENTACTIVITY+android.intent.category.DEFAULT
ADDED from src\main\AndroidManifest.xml:86:13-90:29
action#android.intent.action.FRAGMENTACTIVITY
ADDED from src\main\AndroidManifest.xml:87:17-81
	android:name
		ADDED from src\main\AndroidManifest.xml:87:25-78
meta-data#android.support.PARENT_ACTIVITY
ADDED from src\main\AndroidManifest.xml:90:41-92:77
	android:value
		ADDED from src\main\AndroidManifest.xml:92:17-74
	android:name
		ADDED from src\main\AndroidManifest.xml:91:17-63